p/16.jpg 1 0 0 197 256
p/8.jpg 1 0 0 204 247
p/6.jpg 1 0 0 208 242
p/7.jpg 1 0 0 265 190
p/14.jpg 1 0 0 300 168
p/15.jpg 1 0 0 225 225
p/5.jpg 1 0 0 176 286
p/4.jpg 1 0 0 183 275
p/13.jpg 1 0 0 201 251
p/12.jpg 1 0 0 265 190
p/31.jpg 1 0 0 100 100
p/32.jpg 1 0 0 100 100
p/30.jpg 1 0 0 100 100
p/29.jpg 1 0 0 100 100
p/26.jpg 1 0 0 100 100
p/28.jpg 1 0 0 100 100
p/27.jpg 1 0 0 100 100
p/25.jpg 1 0 0 100 100
p/24.jpg 1 0 0 100 100
p/23.jpg 1 0 0 100 100
p/21.jpg 1 0 0 100 100
p/22.jpg 1 0 0 100 100
p/2.jpg 1 0 0 100 100
p/3.jpg 1 0 0 100 100
p/11.jpg 1 0 0 100 100
p/19.png 1 0 0 128 128
p/18.jpg 1 0 0 32 32
p/20.png 1 0 0 100 100
p/1.jpg 1 0 0 100 100
p/10.jpg 1 0 0 100 100
p/17.jpg 1 0 0 100 100
p/9.jpg 1 0 0 100 100